<?xml version="1.0" encoding="UTF-8"?>
<testng-results ignored="0" total="1" passed="1" failed="0" skipped="0">
  <reporter-output>
  </reporter-output>
  <suite started-at="2022-12-20T20:22:42 IST" name="Default suite" finished-at="2022-12-20T20:23:10 IST" duration-ms="28094">
    <groups>
    </groups>
    <test started-at="2022-12-20T20:22:42 IST" name="Default test" finished-at="2022-12-20T20:23:10 IST" duration-ms="28094">
      <class name="Com.Banking.TestCases.Banking_LoginTestCase">
        <test-method is-config="true" signature="initialization()[pri:0, instance:Com.Banking.TestCases.Banking_LoginTestCase@56a6d5a6]" started-at="2022-12-20T20:22:42 IST" name="initialization" finished-at="2022-12-20T20:23:02 IST" duration-ms="19512" status="PASS">
          <reporter-output>
          </reporter-output>
        </test-method> <!-- initialization -->
        <test-method signature="LoginTest()[pri:0, instance:Com.Banking.TestCases.Banking_LoginTestCase@56a6d5a6]" started-at="2022-12-20T20:23:02 IST" name="LoginTest" finished-at="2022-12-20T20:23:07 IST" duration-ms="5385" status="PASS">
          <reporter-output>
          </reporter-output>
        </test-method> <!-- LoginTest -->
        <test-method is-config="true" signature="TearDwon()[pri:0, instance:Com.Banking.TestCases.Banking_LoginTestCase@56a6d5a6]" started-at="2022-12-20T20:23:07 IST" name="TearDwon" finished-at="2022-12-20T20:23:10 IST" duration-ms="3162" status="PASS">
          <reporter-output>
          </reporter-output>
        </test-method> <!-- TearDwon -->
      </class> <!-- Com.Banking.TestCases.Banking_LoginTestCase -->
    </test> <!-- Default test -->
  </suite> <!-- Default suite -->
</testng-results>
